2025-08-25 11:14:47,444 - INFO - 初始化MinerU关键帧处理器
2025-08-25 11:14:47,444 - INFO - 关键帧目录: keyframes
2025-08-25 11:14:47,444 - INFO - 输出目录: mineru_output
2025-08-25 11:14:47,445 - INFO - 发现视频文件夹: 8.-_4b0a5e47-4956-4059-9a08-802ed77402d5, 包含 135 个关键帧
2025-08-25 11:14:47,446 - INFO - 开始处理视频: 8.-_4b0a5e47-4956-4059-9a08-802ed77402d5
2025-08-25 11:14:47,446 - INFO - 开始创建PDF: mineru_output/pdfs/8.-_4b0a5e47-4956-4059-9a08-802ed77402d5.pdf
2025-08-25 11:14:47,446 - INFO - 处理 135 个关键帧图片
2025-08-25 11:15:10,211 - INFO - PDF创建成功: mineru_output/pdfs/8.-_4b0a5e47-4956-4059-9a08-802ed77402d5.pdf
2025-08-25 11:15:10,215 - INFO - 开始使用MinerU处理PDF: mineru_output/pdfs/8.-_4b0a5e47-4956-4059-9a08-802ed77402d5.pdf
2025-08-25 11:15:10,216 - INFO - 执行命令: magic-pdf -p mineru_output/pdfs/8.-_4b0a5e47-4956-4059-9a08-802ed77402d5.pdf -o mineru_output/results/8.-_4b0a5e47-4956-4059-9a08-802ed77402d5 -m auto
2025-08-25 11:16:53,453 - INFO - MinerU处理成功: 8.-_4b0a5e47-4956-4059-9a08-802ed77402d5
2025-08-25 11:16:53,457 - INFO - 找到生成的文件: ['other_json', 'middle_json', 'markdown', 'spans_pdf', 'content_json', 'layout_pdf', 'images']
2025-08-25 11:16:53,666 - INFO - 视频 8.-_4b0a5e47-4956-4059-9a08-802ed77402d5 处理完成
2025-08-25 11:16:53,853 - INFO - 所有视频处理完成，共处理 1 个视频
2025-08-25 11:27:01,856 - INFO - 初始化MinerU关键帧处理器
2025-08-25 11:27:01,856 - INFO - 关键帧目录: keyframes
2025-08-25 11:27:01,856 - INFO - 输出目录: mineru_output
2025-08-25 11:27:01,857 - INFO - 发现视频文件夹: 1.5__35858e88-211d-4a44-aa48-5ea04074b466, 包含 26 个关键帧
2025-08-25 11:27:01,857 - INFO - 开始处理视频: 1.5__35858e88-211d-4a44-aa48-5ea04074b466
2025-08-25 11:27:01,857 - INFO - 开始创建PDF: mineru_output/pdfs/1.5__35858e88-211d-4a44-aa48-5ea04074b466.pdf
2025-08-25 11:27:01,857 - INFO - 处理 26 个关键帧图片
2025-08-25 11:27:07,336 - INFO - PDF创建成功: mineru_output/pdfs/1.5__35858e88-211d-4a44-aa48-5ea04074b466.pdf
2025-08-25 11:27:07,337 - INFO - 开始使用MinerU处理PDF: mineru_output/pdfs/1.5__35858e88-211d-4a44-aa48-5ea04074b466.pdf
2025-08-25 11:27:07,337 - INFO - 执行命令: magic-pdf -p mineru_output/pdfs/1.5__35858e88-211d-4a44-aa48-5ea04074b466.pdf -o mineru_output/results/1.5__35858e88-211d-4a44-aa48-5ea04074b466 -m auto
2025-08-25 11:27:54,593 - INFO - MinerU处理成功: 1.5__35858e88-211d-4a44-aa48-5ea04074b466
2025-08-25 11:27:54,596 - INFO - 找到生成的文件: ['other_json', 'spans_pdf', 'middle_json', 'content_json', 'layout_pdf', 'markdown', 'images']
2025-08-25 11:27:54,672 - INFO - 视频 1.5__35858e88-211d-4a44-aa48-5ea04074b466 处理完成
2025-08-25 11:27:54,743 - INFO - 所有视频处理完成，共处理 1 个视频
2025-08-25 11:44:56,843 - INFO - 初始化MinerU关键帧处理器
2025-08-25 11:44:56,843 - INFO - 关键帧目录: keyframes
2025-08-25 11:44:56,843 - INFO - 输出目录: mineru_output
2025-08-25 11:44:56,844 - INFO - 发现视频文件夹: 1.5__35858e88-211d-4a44-aa48-5ea04074b466, 包含 26 个关键帧
2025-08-25 11:44:56,844 - INFO - 开始处理视频: 1.5__35858e88-211d-4a44-aa48-5ea04074b466
2025-08-25 11:44:56,844 - INFO - 开始创建PDF: mineru_output/pdfs/1.5__35858e88-211d-4a44-aa48-5ea04074b466.pdf
2025-08-25 11:44:56,844 - INFO - 处理 26 个关键帧图片
2025-08-25 11:45:02,275 - INFO - PDF创建成功: mineru_output/pdfs/1.5__35858e88-211d-4a44-aa48-5ea04074b466.pdf
2025-08-25 11:45:02,275 - INFO - 开始使用MinerU处理PDF: mineru_output/pdfs/1.5__35858e88-211d-4a44-aa48-5ea04074b466.pdf
2025-08-25 11:45:02,276 - INFO - 执行命令: magic-pdf -p mineru_output/pdfs/1.5__35858e88-211d-4a44-aa48-5ea04074b466.pdf -o mineru_output/results/1.5__35858e88-211d-4a44-aa48-5ea04074b466_temp -m auto
2025-08-25 11:45:49,999 - INFO - MinerU处理成功: 1.5__35858e88-211d-4a44-aa48-5ea04074b466
2025-08-25 11:45:50,000 - ERROR - MinerU处理PDF时出错: MinerUKeyframeProcessor.extract_key_content_only() takes 2 positional arguments but 3 were given
2025-08-25 11:45:50,000 - INFO - 视频 1.5__35858e88-211d-4a44-aa48-5ea04074b466 处理完成
2025-08-25 11:45:50,001 - INFO - 所有视频处理完成，共处理 1 个视频
2025-08-25 11:51:10,130 - INFO - 初始化MinerU关键帧处理器
2025-08-25 11:51:10,131 - INFO - 关键帧目录: keyframes
2025-08-25 11:51:10,131 - INFO - 输出目录: mineru_output
2025-08-25 11:51:10,131 - INFO - 发现视频文件夹: 1.5__35858e88-211d-4a44-aa48-5ea04074b466, 包含 26 个关键帧
2025-08-25 11:51:10,132 - INFO - 开始处理视频: 1.5__35858e88-211d-4a44-aa48-5ea04074b466
2025-08-25 11:51:10,132 - INFO - 开始创建PDF: mineru_output/pdfs/1.5__35858e88-211d-4a44-aa48-5ea04074b466.pdf
2025-08-25 11:51:10,132 - INFO - 处理 26 个关键帧图片
2025-08-25 11:51:15,766 - INFO - PDF创建成功: mineru_output/pdfs/1.5__35858e88-211d-4a44-aa48-5ea04074b466.pdf
2025-08-25 11:51:15,766 - INFO - 开始使用MinerU处理PDF: mineru_output/pdfs/1.5__35858e88-211d-4a44-aa48-5ea04074b466.pdf
2025-08-25 11:51:15,767 - INFO - 执行命令: magic-pdf -p mineru_output/pdfs/1.5__35858e88-211d-4a44-aa48-5ea04074b466.pdf -o mineru_output/results/1.5__35858e88-211d-4a44-aa48-5ea04074b466_temp -m auto
2025-08-25 11:52:02,710 - INFO - MinerU处理成功: 1.5__35858e88-211d-4a44-aa48-5ea04074b466
2025-08-25 11:52:02,711 - ERROR - MinerU处理PDF时出错: 'MinerUKeyframeProcessor' object has no attribute 'logger'
2025-08-25 11:52:02,712 - INFO - 视频 1.5__35858e88-211d-4a44-aa48-5ea04074b466 处理完成
2025-08-25 11:52:02,712 - INFO - 所有视频处理完成，共处理 1 个视频
2025-08-25 11:54:00,485 - INFO - 初始化MinerU关键帧处理器
2025-08-25 11:54:00,485 - INFO - 关键帧目录: keyframes
2025-08-25 11:54:00,485 - INFO - 输出目录: mineru_output
2025-08-25 11:54:00,486 - INFO - 发现视频文件夹: 1.5__35858e88-211d-4a44-aa48-5ea04074b466, 包含 26 个关键帧
2025-08-25 11:54:00,486 - INFO - 开始处理视频: 1.5__35858e88-211d-4a44-aa48-5ea04074b466
2025-08-25 11:54:00,487 - INFO - 开始创建PDF: mineru_output/pdfs/1.5__35858e88-211d-4a44-aa48-5ea04074b466.pdf
2025-08-25 11:54:00,487 - INFO - 处理 26 个关键帧图片
2025-08-25 11:54:06,221 - INFO - PDF创建成功: mineru_output/pdfs/1.5__35858e88-211d-4a44-aa48-5ea04074b466.pdf
2025-08-25 11:54:06,222 - INFO - 开始使用MinerU处理PDF: mineru_output/pdfs/1.5__35858e88-211d-4a44-aa48-5ea04074b466.pdf
2025-08-25 11:54:06,222 - INFO - 执行命令: magic-pdf -p mineru_output/pdfs/1.5__35858e88-211d-4a44-aa48-5ea04074b466.pdf -o mineru_output/results/1.5__35858e88-211d-4a44-aa48-5ea04074b466_temp -m auto
2025-08-25 11:54:53,150 - INFO - MinerU处理成功: 1.5__35858e88-211d-4a44-aa48-5ea04074b466
2025-08-25 11:54:53,150 - ERROR - 提取关键内容时出错: 'MinerUKeyframeProcessor' object has no attribute 'create_pdf_from_keyframes'
2025-08-25 11:54:53,150 - ERROR - MinerU处理PDF时出错: 'MinerUKeyframeProcessor' object has no attribute 'create_pdf_from_keyframes'
2025-08-25 11:54:53,151 - INFO - 视频 1.5__35858e88-211d-4a44-aa48-5ea04074b466 处理完成
2025-08-25 11:54:53,151 - INFO - 所有视频处理完成，共处理 1 个视频
2025-08-25 11:55:59,035 - INFO - 初始化MinerU关键帧处理器
2025-08-25 11:55:59,035 - INFO - 关键帧目录: keyframes
2025-08-25 11:55:59,035 - INFO - 输出目录: mineru_output
2025-08-25 11:55:59,036 - INFO - 发现视频文件夹: 1.5__35858e88-211d-4a44-aa48-5ea04074b466, 包含 26 个关键帧
2025-08-25 11:55:59,036 - INFO - 开始处理视频: 1.5__35858e88-211d-4a44-aa48-5ea04074b466
2025-08-25 11:55:59,037 - INFO - 开始创建PDF: mineru_output/pdfs/1.5__35858e88-211d-4a44-aa48-5ea04074b466.pdf
2025-08-25 11:55:59,037 - INFO - 处理 26 个关键帧图片
2025-08-25 11:56:04,511 - INFO - PDF创建成功: mineru_output/pdfs/1.5__35858e88-211d-4a44-aa48-5ea04074b466.pdf
2025-08-25 11:56:04,511 - INFO - 开始使用MinerU处理PDF: mineru_output/pdfs/1.5__35858e88-211d-4a44-aa48-5ea04074b466.pdf
2025-08-25 11:56:04,512 - INFO - 执行命令: magic-pdf -p mineru_output/pdfs/1.5__35858e88-211d-4a44-aa48-5ea04074b466.pdf -o mineru_output/results/1.5__35858e88-211d-4a44-aa48-5ea04074b466_temp -m auto
2025-08-25 11:56:52,182 - INFO - MinerU处理成功: 1.5__35858e88-211d-4a44-aa48-5ea04074b466
2025-08-25 11:56:52,182 - ERROR - 提取关键内容时出错: 'MinerUKeyframeProcessor' object has no attribute 'create_pdf'
2025-08-25 11:56:52,183 - ERROR - MinerU处理PDF时出错: 'MinerUKeyframeProcessor' object has no attribute 'create_pdf'
2025-08-25 11:56:52,183 - INFO - 视频 1.5__35858e88-211d-4a44-aa48-5ea04074b466 处理完成
2025-08-25 11:56:52,183 - INFO - 所有视频处理完成，共处理 1 个视频
2025-08-25 13:04:08,000 - INFO - 初始化MinerU关键帧处理器
2025-08-25 13:04:08,000 - INFO - 关键帧目录: keyframes
2025-08-25 13:04:08,000 - INFO - 输出目录: mineru_output
2025-08-25 13:04:08,001 - INFO - 发现视频文件夹: 1.5__35858e88-211d-4a44-aa48-5ea04074b466, 包含 26 个关键帧
2025-08-25 13:04:08,001 - INFO - 开始处理视频: 1.5__35858e88-211d-4a44-aa48-5ea04074b466
2025-08-25 13:04:08,001 - INFO - 开始创建PDF: mineru_output/pdfs/1.5__35858e88-211d-4a44-aa48-5ea04074b466.pdf
2025-08-25 13:04:08,001 - INFO - 处理 26 个关键帧图片
2025-08-25 13:04:12,903 - INFO - PDF创建成功: mineru_output/pdfs/1.5__35858e88-211d-4a44-aa48-5ea04074b466.pdf
2025-08-25 13:04:12,903 - INFO - 开始使用MinerU处理PDF: mineru_output/pdfs/1.5__35858e88-211d-4a44-aa48-5ea04074b466.pdf
2025-08-25 13:04:12,904 - INFO - 执行命令: magic-pdf -p mineru_output/pdfs/1.5__35858e88-211d-4a44-aa48-5ea04074b466.pdf -o mineru_output/results/1.5__35858e88-211d-4a44-aa48-5ea04074b466_temp -m auto
2025-08-25 13:04:39,185 - INFO - MinerU处理成功: 1.5__35858e88-211d-4a44-aa48-5ea04074b466
2025-08-25 13:04:39,185 - INFO - 开始创建PDF: mineru_output/pdfs/1.5__35858e88-211d-4a44-aa48-5ea04074b466.pdf
2025-08-25 13:04:39,186 - INFO - 处理 26 个关键帧图片
2025-08-25 13:04:44,212 - INFO - PDF创建成功: mineru_output/pdfs/1.5__35858e88-211d-4a44-aa48-5ea04074b466.pdf
2025-08-25 13:04:44,213 - ERROR - 提取关键内容时出错: 'MinerUKeyframeProcessor' object has no attribute 'run_mineru_processing'
2025-08-25 13:04:44,213 - ERROR - MinerU处理PDF时出错: 'MinerUKeyframeProcessor' object has no attribute 'run_mineru_processing'
2025-08-25 13:04:44,243 - INFO - 视频 1.5__35858e88-211d-4a44-aa48-5ea04074b466 处理完成
2025-08-25 13:04:44,243 - INFO - 所有视频处理完成，共处理 1 个视频
2025-08-25 13:37:49,109 - INFO - 初始化MinerU关键帧处理器
2025-08-25 13:37:49,109 - INFO - 关键帧目录: keyframes
2025-08-25 13:37:49,109 - INFO - 输出目录: mineru_output
2025-08-25 13:37:49,110 - INFO - 发现视频文件夹: 1.5__35858e88-211d-4a44-aa48-5ea04074b466, 包含 26 个关键帧
2025-08-25 13:37:49,110 - INFO - 开始处理视频: 1.5__35858e88-211d-4a44-aa48-5ea04074b466
2025-08-25 13:37:49,111 - INFO - 开始创建PDF: mineru_output/pdfs/1.5__35858e88-211d-4a44-aa48-5ea04074b466.pdf
2025-08-25 13:37:49,111 - INFO - 处理 26 个关键帧图片
2025-08-25 13:37:54,703 - INFO - PDF创建成功: mineru_output/pdfs/1.5__35858e88-211d-4a44-aa48-5ea04074b466.pdf
2025-08-25 13:37:54,704 - INFO - 开始使用MinerU处理PDF: mineru_output/pdfs/1.5__35858e88-211d-4a44-aa48-5ea04074b466.pdf
2025-08-25 13:37:54,704 - INFO - 执行命令: magic-pdf -p mineru_output/pdfs/1.5__35858e88-211d-4a44-aa48-5ea04074b466.pdf -o mineru_output/results/1.5__35858e88-211d-4a44-aa48-5ea04074b466_temp -m auto
2025-08-25 13:38:41,816 - INFO - MinerU处理成功: 1.5__35858e88-211d-4a44-aa48-5ea04074b466
2025-08-25 13:38:41,817 - INFO - 开始创建PDF: mineru_output/pdfs/1.5__35858e88-211d-4a44-aa48-5ea04074b466.pdf
2025-08-25 13:38:41,817 - INFO - 处理 26 个关键帧图片
2025-08-25 13:38:47,019 - INFO - PDF创建成功: mineru_output/pdfs/1.5__35858e88-211d-4a44-aa48-5ea04074b466.pdf
2025-08-25 13:38:47,021 - ERROR - 提取关键内容时出错: 'MinerUKeyframeProcessor' object has no attribute 'run_mineru_processing'
2025-08-25 13:38:47,021 - ERROR - MinerU处理PDF时出错: 'MinerUKeyframeProcessor' object has no attribute 'run_mineru_processing'
2025-08-25 13:38:47,021 - INFO - 视频 1.5__35858e88-211d-4a44-aa48-5ea04074b466 处理完成
2025-08-25 13:38:47,022 - INFO - 所有视频处理完成，共处理 1 个视频
2025-08-25 13:41:43,483 - INFO - 初始化MinerU关键帧处理器
2025-08-25 13:41:43,483 - INFO - 关键帧目录: keyframes
2025-08-25 13:41:43,483 - INFO - 输出目录: mineru_output
2025-08-25 13:41:43,484 - INFO - 发现视频文件夹: 1.5__35858e88-211d-4a44-aa48-5ea04074b466, 包含 26 个关键帧
2025-08-25 13:41:43,484 - INFO - 开始处理视频: 1.5__35858e88-211d-4a44-aa48-5ea04074b466
2025-08-25 13:41:43,484 - INFO - 开始创建PDF: mineru_output/pdfs/1.5__35858e88-211d-4a44-aa48-5ea04074b466.pdf
2025-08-25 13:41:43,484 - INFO - 处理 26 个关键帧图片
2025-08-25 13:41:49,230 - INFO - PDF创建成功: mineru_output/pdfs/1.5__35858e88-211d-4a44-aa48-5ea04074b466.pdf
2025-08-25 13:41:49,230 - INFO - 开始使用MinerU处理PDF: mineru_output/pdfs/1.5__35858e88-211d-4a44-aa48-5ea04074b466.pdf
2025-08-25 13:41:49,230 - INFO - 执行命令: magic-pdf -p mineru_output/pdfs/1.5__35858e88-211d-4a44-aa48-5ea04074b466.pdf -o mineru_output/results/1.5__35858e88-211d-4a44-aa48-5ea04074b466_temp -m auto
2025-08-25 13:42:37,752 - INFO - MinerU处理成功: 1.5__35858e88-211d-4a44-aa48-5ea04074b466
2025-08-25 13:42:37,753 - INFO - 开始创建PDF: mineru_output/pdfs/1.5__35858e88-211d-4a44-aa48-5ea04074b466.pdf
2025-08-25 13:42:37,753 - INFO - 处理 26 个关键帧图片
2025-08-25 13:42:43,311 - INFO - PDF创建成功: mineru_output/pdfs/1.5__35858e88-211d-4a44-aa48-5ea04074b466.pdf
2025-08-25 13:42:43,313 - INFO - 开始使用MinerU处理PDF: mineru_output/pdfs/1.5__35858e88-211d-4a44-aa48-5ea04074b466.pdf
2025-08-25 13:42:43,314 - INFO - 执行命令: magic-pdf -p mineru_output/pdfs/1.5__35858e88-211d-4a44-aa48-5ea04074b466.pdf -o mineru_output/results/1.5__35858e88-211d-4a44-aa48-5ea04074b466_temp -m auto
2025-08-25 13:43:32,411 - INFO - MinerU处理成功: 1.5__35858e88-211d-4a44-aa48-5ea04074b466
2025-08-25 13:43:32,412 - INFO - 开始创建PDF: mineru_output/pdfs/1.5__35858e88-211d-4a44-aa48-5ea04074b466.pdf
2025-08-25 13:43:32,412 - INFO - 处理 26 个关键帧图片
2025-08-25 13:43:37,936 - INFO - PDF创建成功: mineru_output/pdfs/1.5__35858e88-211d-4a44-aa48-5ea04074b466.pdf
2025-08-25 13:43:37,936 - INFO - 开始使用MinerU处理PDF: mineru_output/pdfs/1.5__35858e88-211d-4a44-aa48-5ea04074b466.pdf
2025-08-25 13:43:37,936 - INFO - 执行命令: magic-pdf -p mineru_output/pdfs/1.5__35858e88-211d-4a44-aa48-5ea04074b466.pdf -o mineru_output/results/1.5__35858e88-211d-4a44-aa48-5ea04074b466_temp -m auto
2025-08-25 13:44:26,115 - INFO - MinerU处理成功: 1.5__35858e88-211d-4a44-aa48-5ea04074b466
2025-08-25 13:44:26,116 - INFO - 开始创建PDF: mineru_output/pdfs/1.5__35858e88-211d-4a44-aa48-5ea04074b466.pdf
2025-08-25 13:44:26,116 - INFO - 处理 26 个关键帧图片
2025-08-25 13:44:31,748 - INFO - PDF创建成功: mineru_output/pdfs/1.5__35858e88-211d-4a44-aa48-5ea04074b466.pdf
2025-08-25 13:44:31,750 - INFO - 开始使用MinerU处理PDF: mineru_output/pdfs/1.5__35858e88-211d-4a44-aa48-5ea04074b466.pdf
2025-08-25 13:44:31,750 - INFO - 执行命令: magic-pdf -p mineru_output/pdfs/1.5__35858e88-211d-4a44-aa48-5ea04074b466.pdf -o mineru_output/results/1.5__35858e88-211d-4a44-aa48-5ea04074b466_temp -m auto
2025-08-25 13:45:21,476 - INFO - MinerU处理成功: 1.5__35858e88-211d-4a44-aa48-5ea04074b466
2025-08-25 13:45:21,477 - INFO - 开始创建PDF: mineru_output/pdfs/1.5__35858e88-211d-4a44-aa48-5ea04074b466.pdf
2025-08-25 13:45:21,477 - INFO - 处理 26 个关键帧图片
2025-08-25 13:45:27,119 - INFO - PDF创建成功: mineru_output/pdfs/1.5__35858e88-211d-4a44-aa48-5ea04074b466.pdf
2025-08-25 13:45:27,121 - INFO - 开始使用MinerU处理PDF: mineru_output/pdfs/1.5__35858e88-211d-4a44-aa48-5ea04074b466.pdf
2025-08-25 13:45:27,121 - INFO - 执行命令: magic-pdf -p mineru_output/pdfs/1.5__35858e88-211d-4a44-aa48-5ea04074b466.pdf -o mineru_output/results/1.5__35858e88-211d-4a44-aa48-5ea04074b466_temp -m auto
2025-08-25 13:46:14,542 - INFO - MinerU处理成功: 1.5__35858e88-211d-4a44-aa48-5ea04074b466
2025-08-25 13:46:14,543 - INFO - 开始创建PDF: mineru_output/pdfs/1.5__35858e88-211d-4a44-aa48-5ea04074b466.pdf
2025-08-25 13:46:14,543 - INFO - 处理 26 个关键帧图片
2025-08-25 13:46:20,339 - INFO - PDF创建成功: mineru_output/pdfs/1.5__35858e88-211d-4a44-aa48-5ea04074b466.pdf
2025-08-25 13:46:20,341 - INFO - 开始使用MinerU处理PDF: mineru_output/pdfs/1.5__35858e88-211d-4a44-aa48-5ea04074b466.pdf
2025-08-25 13:46:20,341 - INFO - 执行命令: magic-pdf -p mineru_output/pdfs/1.5__35858e88-211d-4a44-aa48-5ea04074b466.pdf -o mineru_output/results/1.5__35858e88-211d-4a44-aa48-5ea04074b466_temp -m auto
2025-08-25 13:47:07,333 - INFO - MinerU处理成功: 1.5__35858e88-211d-4a44-aa48-5ea04074b466
2025-08-25 13:47:07,334 - INFO - 开始创建PDF: mineru_output/pdfs/1.5__35858e88-211d-4a44-aa48-5ea04074b466.pdf
2025-08-25 13:47:07,334 - INFO - 处理 26 个关键帧图片
2025-08-25 13:47:13,066 - INFO - PDF创建成功: mineru_output/pdfs/1.5__35858e88-211d-4a44-aa48-5ea04074b466.pdf
2025-08-25 13:47:13,068 - INFO - 开始使用MinerU处理PDF: mineru_output/pdfs/1.5__35858e88-211d-4a44-aa48-5ea04074b466.pdf
2025-08-25 13:47:13,068 - INFO - 执行命令: magic-pdf -p mineru_output/pdfs/1.5__35858e88-211d-4a44-aa48-5ea04074b466.pdf -o mineru_output/results/1.5__35858e88-211d-4a44-aa48-5ea04074b466_temp -m auto
2025-08-25 13:48:01,602 - INFO - MinerU处理成功: 1.5__35858e88-211d-4a44-aa48-5ea04074b466
2025-08-25 13:48:01,602 - INFO - 开始创建PDF: mineru_output/pdfs/1.5__35858e88-211d-4a44-aa48-5ea04074b466.pdf
2025-08-25 13:48:01,602 - INFO - 处理 26 个关键帧图片
2025-08-25 13:48:07,077 - INFO - PDF创建成功: mineru_output/pdfs/1.5__35858e88-211d-4a44-aa48-5ea04074b466.pdf
2025-08-25 13:48:07,079 - INFO - 开始使用MinerU处理PDF: mineru_output/pdfs/1.5__35858e88-211d-4a44-aa48-5ea04074b466.pdf
2025-08-25 13:48:07,080 - INFO - 执行命令: magic-pdf -p mineru_output/pdfs/1.5__35858e88-211d-4a44-aa48-5ea04074b466.pdf -o mineru_output/results/1.5__35858e88-211d-4a44-aa48-5ea04074b466_temp -m auto
2025-08-25 13:48:55,223 - INFO - MinerU处理成功: 1.5__35858e88-211d-4a44-aa48-5ea04074b466
2025-08-25 13:48:55,224 - INFO - 开始创建PDF: mineru_output/pdfs/1.5__35858e88-211d-4a44-aa48-5ea04074b466.pdf
2025-08-25 13:48:55,224 - INFO - 处理 26 个关键帧图片
2025-08-25 13:49:00,800 - INFO - PDF创建成功: mineru_output/pdfs/1.5__35858e88-211d-4a44-aa48-5ea04074b466.pdf
2025-08-25 13:49:00,802 - INFO - 开始使用MinerU处理PDF: mineru_output/pdfs/1.5__35858e88-211d-4a44-aa48-5ea04074b466.pdf
2025-08-25 13:49:00,802 - INFO - 执行命令: magic-pdf -p mineru_output/pdfs/1.5__35858e88-211d-4a44-aa48-5ea04074b466.pdf -o mineru_output/results/1.5__35858e88-211d-4a44-aa48-5ea04074b466_temp -m auto
2025-08-25 13:49:49,835 - INFO - MinerU处理成功: 1.5__35858e88-211d-4a44-aa48-5ea04074b466
2025-08-25 13:49:49,836 - INFO - 开始创建PDF: mineru_output/pdfs/1.5__35858e88-211d-4a44-aa48-5ea04074b466.pdf
2025-08-25 13:49:49,836 - INFO - 处理 26 个关键帧图片
2025-08-25 13:49:55,619 - INFO - PDF创建成功: mineru_output/pdfs/1.5__35858e88-211d-4a44-aa48-5ea04074b466.pdf
2025-08-25 13:49:55,621 - INFO - 开始使用MinerU处理PDF: mineru_output/pdfs/1.5__35858e88-211d-4a44-aa48-5ea04074b466.pdf
2025-08-25 13:49:55,621 - INFO - 执行命令: magic-pdf -p mineru_output/pdfs/1.5__35858e88-211d-4a44-aa48-5ea04074b466.pdf -o mineru_output/results/1.5__35858e88-211d-4a44-aa48-5ea04074b466_temp -m auto
2025-08-25 13:50:44,134 - INFO - MinerU处理成功: 1.5__35858e88-211d-4a44-aa48-5ea04074b466
2025-08-25 13:50:44,135 - INFO - 开始创建PDF: mineru_output/pdfs/1.5__35858e88-211d-4a44-aa48-5ea04074b466.pdf
2025-08-25 13:50:44,144 - INFO - 处理 26 个关键帧图片
2025-08-25 13:50:49,576 - INFO - PDF创建成功: mineru_output/pdfs/1.5__35858e88-211d-4a44-aa48-5ea04074b466.pdf
2025-08-25 13:50:49,578 - INFO - 开始使用MinerU处理PDF: mineru_output/pdfs/1.5__35858e88-211d-4a44-aa48-5ea04074b466.pdf
2025-08-25 13:50:49,578 - INFO - 执行命令: magic-pdf -p mineru_output/pdfs/1.5__35858e88-211d-4a44-aa48-5ea04074b466.pdf -o mineru_output/results/1.5__35858e88-211d-4a44-aa48-5ea04074b466_temp -m auto
2025-08-25 13:51:39,244 - INFO - MinerU处理成功: 1.5__35858e88-211d-4a44-aa48-5ea04074b466
2025-08-25 13:51:39,244 - INFO - 开始创建PDF: mineru_output/pdfs/1.5__35858e88-211d-4a44-aa48-5ea04074b466.pdf
2025-08-25 13:51:39,245 - INFO - 处理 26 个关键帧图片
2025-08-25 13:51:44,713 - INFO - PDF创建成功: mineru_output/pdfs/1.5__35858e88-211d-4a44-aa48-5ea04074b466.pdf
2025-08-25 13:51:44,716 - INFO - 开始使用MinerU处理PDF: mineru_output/pdfs/1.5__35858e88-211d-4a44-aa48-5ea04074b466.pdf
2025-08-25 13:51:44,716 - INFO - 执行命令: magic-pdf -p mineru_output/pdfs/1.5__35858e88-211d-4a44-aa48-5ea04074b466.pdf -o mineru_output/results/1.5__35858e88-211d-4a44-aa48-5ea04074b466_temp -m auto
2025-08-25 13:52:32,477 - INFO - MinerU处理成功: 1.5__35858e88-211d-4a44-aa48-5ea04074b466
2025-08-25 13:52:32,477 - INFO - 开始创建PDF: mineru_output/pdfs/1.5__35858e88-211d-4a44-aa48-5ea04074b466.pdf
2025-08-25 13:52:32,478 - INFO - 处理 26 个关键帧图片
2025-08-25 13:52:38,268 - INFO - PDF创建成功: mineru_output/pdfs/1.5__35858e88-211d-4a44-aa48-5ea04074b466.pdf
2025-08-25 13:52:38,270 - INFO - 开始使用MinerU处理PDF: mineru_output/pdfs/1.5__35858e88-211d-4a44-aa48-5ea04074b466.pdf
2025-08-25 13:52:38,271 - INFO - 执行命令: magic-pdf -p mineru_output/pdfs/1.5__35858e88-211d-4a44-aa48-5ea04074b466.pdf -o mineru_output/results/1.5__35858e88-211d-4a44-aa48-5ea04074b466_temp -m auto
2025-08-25 13:53:26,751 - INFO - MinerU处理成功: 1.5__35858e88-211d-4a44-aa48-5ea04074b466
2025-08-25 13:53:26,752 - INFO - 开始创建PDF: mineru_output/pdfs/1.5__35858e88-211d-4a44-aa48-5ea04074b466.pdf
2025-08-25 13:53:26,752 - INFO - 处理 26 个关键帧图片
2025-08-25 13:53:32,033 - INFO - PDF创建成功: mineru_output/pdfs/1.5__35858e88-211d-4a44-aa48-5ea04074b466.pdf
2025-08-25 13:53:32,035 - INFO - 开始使用MinerU处理PDF: mineru_output/pdfs/1.5__35858e88-211d-4a44-aa48-5ea04074b466.pdf
2025-08-25 13:53:32,035 - INFO - 执行命令: magic-pdf -p mineru_output/pdfs/1.5__35858e88-211d-4a44-aa48-5ea04074b466.pdf -o mineru_output/results/1.5__35858e88-211d-4a44-aa48-5ea04074b466_temp -m auto
2025-08-25 13:54:51,187 - INFO - 初始化MinerU关键帧处理器
2025-08-25 13:54:51,187 - INFO - 关键帧目录: keyframes
2025-08-25 13:54:51,187 - INFO - 输出目录: mineru_output
2025-08-25 13:54:51,187 - INFO - 发现视频文件夹: 1.5__35858e88-211d-4a44-aa48-5ea04074b466, 包含 26 个关键帧
2025-08-25 13:54:51,188 - INFO - 开始处理视频: 1.5__35858e88-211d-4a44-aa48-5ea04074b466
2025-08-25 13:54:51,188 - INFO - 开始创建PDF: mineru_output/pdfs/1.5__35858e88-211d-4a44-aa48-5ea04074b466.pdf
2025-08-25 13:54:51,188 - INFO - 处理 26 个关键帧图片
2025-08-25 13:55:18,636 - INFO - 初始化MinerU关键帧处理器
2025-08-25 13:55:18,636 - INFO - 关键帧目录: keyframes
2025-08-25 13:55:18,636 - INFO - 输出目录: mineru_output
2025-08-25 13:55:18,637 - INFO - 发现视频文件夹: 1.5__35858e88-211d-4a44-aa48-5ea04074b466, 包含 26 个关键帧
2025-08-25 13:55:18,637 - INFO - 开始处理视频: 1.5__35858e88-211d-4a44-aa48-5ea04074b466
2025-08-25 13:55:18,637 - INFO - 开始创建PDF: mineru_output/pdfs/1.5__35858e88-211d-4a44-aa48-5ea04074b466.pdf
2025-08-25 13:55:18,637 - INFO - 处理 26 个关键帧图片
2025-08-25 13:55:24,017 - INFO - PDF创建成功: mineru_output/pdfs/1.5__35858e88-211d-4a44-aa48-5ea04074b466.pdf
2025-08-25 13:55:24,018 - INFO - 开始使用MinerU处理PDF: mineru_output/pdfs/1.5__35858e88-211d-4a44-aa48-5ea04074b466.pdf
2025-08-25 13:55:24,018 - INFO - 执行命令: magic-pdf -p mineru_output/pdfs/1.5__35858e88-211d-4a44-aa48-5ea04074b466.pdf -o mineru_output/results/1.5__35858e88-211d-4a44-aa48-5ea04074b466_temp -m auto
2025-08-25 13:56:11,533 - INFO - MinerU处理成功: 1.5__35858e88-211d-4a44-aa48-5ea04074b466
2025-08-25 13:56:11,535 - INFO - 内容提取完成: 243行文档, 48张图片
2025-08-25 13:56:11,535 - ERROR - MinerU处理PDF时出错: 'MinerUKeyframeProcessor' object has no attribute 'cleanup_temp_files'
2025-08-25 13:56:11,536 - INFO - 视频 1.5__35858e88-211d-4a44-aa48-5ea04074b466 处理完成
2025-08-25 13:56:11,536 - INFO - 所有视频处理完成，共处理 1 个视频
2025-08-25 14:05:43,595 - INFO - 初始化MinerU关键帧处理器
2025-08-25 14:05:43,596 - INFO - 关键帧目录: keyframes
2025-08-25 14:05:43,596 - INFO - 输出目录: mineru_output
2025-08-25 14:05:43,596 - INFO - 发现视频文件夹: 1.5__35858e88-211d-4a44-aa48-5ea04074b466, 包含 26 个关键帧
2025-08-25 14:05:43,597 - INFO - 开始处理视频: 1.5__35858e88-211d-4a44-aa48-5ea04074b466
2025-08-25 14:05:43,597 - INFO - 开始创建PDF: mineru_output/pdfs/1.5__35858e88-211d-4a44-aa48-5ea04074b466.pdf
2025-08-25 14:05:43,597 - INFO - 处理 26 个关键帧图片
2025-08-25 14:05:48,962 - INFO - PDF创建成功: mineru_output/pdfs/1.5__35858e88-211d-4a44-aa48-5ea04074b466.pdf
2025-08-25 14:05:48,963 - INFO - 开始使用MinerU处理PDF: mineru_output/pdfs/1.5__35858e88-211d-4a44-aa48-5ea04074b466.pdf
2025-08-25 14:05:48,963 - INFO - 执行命令: magic-pdf -p mineru_output/pdfs/1.5__35858e88-211d-4a44-aa48-5ea04074b466.pdf -o mineru_output/results/1.5__35858e88-211d-4a44-aa48-5ea04074b466_temp -m auto
2025-08-25 14:06:36,832 - INFO - MinerU处理成功: 1.5__35858e88-211d-4a44-aa48-5ea04074b466
2025-08-25 14:06:36,834 - INFO - 内容提取完成: 243行文档, 96张图片
2025-08-25 14:06:36,837 - INFO - 已删除冗余文件: mineru_output/results/1.5__35858e88-211d-4a44-aa48-5ea04074b466_temp/1.5__35858e88-211d-4a44-aa48-5ea04074b466/auto/1.5__35858e88-211d-4a44-aa48-5ea04074b466_origin.pdf
2025-08-25 14:06:36,840 - INFO - 已删除冗余文件: mineru_output/results/1.5__35858e88-211d-4a44-aa48-5ea04074b466_temp/1.5__35858e88-211d-4a44-aa48-5ea04074b466/auto/1.5__35858e88-211d-4a44-aa48-5ea04074b466_layout.pdf
2025-08-25 14:06:36,843 - INFO - 已删除冗余文件: mineru_output/results/1.5__35858e88-211d-4a44-aa48-5ea04074b466_temp/1.5__35858e88-211d-4a44-aa48-5ea04074b466/auto/1.5__35858e88-211d-4a44-aa48-5ea04074b466_spans.pdf
2025-08-25 14:06:36,844 - INFO - 已删除冗余文件: mineru_output/results/1.5__35858e88-211d-4a44-aa48-5ea04074b466_temp/1.5__35858e88-211d-4a44-aa48-5ea04074b466/auto/1.5__35858e88-211d-4a44-aa48-5ea04074b466_middle.json
2025-08-25 14:06:36,845 - INFO - 已删除冗余文件: mineru_output/results/1.5__35858e88-211d-4a44-aa48-5ea04074b466_temp/1.5__35858e88-211d-4a44-aa48-5ea04074b466/auto/1.5__35858e88-211d-4a44-aa48-5ea04074b466_model.json
2025-08-25 14:06:36,846 - INFO - 已删除冗余文件: mineru_output/results/1.5__35858e88-211d-4a44-aa48-5ea04074b466_temp/1.5__35858e88-211d-4a44-aa48-5ea04074b466/auto/1.5__35858e88-211d-4a44-aa48-5ea04074b466_content_list.json
2025-08-25 14:06:36,849 - INFO - 视频 1.5__35858e88-211d-4a44-aa48-5ea04074b466 处理完成
2025-08-25 14:06:36,849 - INFO - 所有视频处理完成，共处理 1 个视频
2025-08-25 14:12:26,789 - INFO - 初始化MinerU关键帧处理器
2025-08-25 14:12:26,789 - INFO - 关键帧目录: keyframes
2025-08-25 14:12:26,789 - INFO - 输出目录: mineru_output
2025-08-25 14:12:26,790 - INFO - 发现视频文件夹: 1.5__35858e88-211d-4a44-aa48-5ea04074b466, 包含 26 个关键帧
2025-08-25 14:12:26,790 - INFO - 开始处理视频: 1.5__35858e88-211d-4a44-aa48-5ea04074b466
2025-08-25 14:12:26,790 - INFO - 开始创建PDF: mineru_output/pdfs/1.5__35858e88-211d-4a44-aa48-5ea04074b466.pdf
2025-08-25 14:12:26,791 - INFO - 处理 26 个关键帧图片
2025-08-25 14:12:32,383 - INFO - PDF创建成功: mineru_output/pdfs/1.5__35858e88-211d-4a44-aa48-5ea04074b466.pdf
2025-08-25 14:12:32,383 - INFO - 开始使用MinerU处理PDF: mineru_output/pdfs/1.5__35858e88-211d-4a44-aa48-5ea04074b466.pdf
2025-08-25 14:12:32,383 - INFO - 执行命令: magic-pdf -p mineru_output/pdfs/1.5__35858e88-211d-4a44-aa48-5ea04074b466.pdf -o mineru_output/results/1.5__35858e88-211d-4a44-aa48-5ea04074b466_temp -m auto
2025-08-25 14:13:21,163 - INFO - MinerU处理成功: 1.5__35858e88-211d-4a44-aa48-5ea04074b466
2025-08-25 14:13:21,167 - INFO - 内容提取完成: 243行文档, 48张图片
2025-08-25 14:13:21,167 - INFO - 结构化JSON已保存: mineru_output/results/1.5__35858e88-211d-4a44-aa48-5ea04074b466/1.5__35858e88-211d-4a44-aa48-5ea04074b466_structured.json
2025-08-25 14:13:21,170 - INFO - 已删除冗余文件: mineru_output/results/1.5__35858e88-211d-4a44-aa48-5ea04074b466_temp/1.5__35858e88-211d-4a44-aa48-5ea04074b466/auto/1.5__35858e88-211d-4a44-aa48-5ea04074b466_origin.pdf
2025-08-25 14:13:21,173 - INFO - 已删除冗余文件: mineru_output/results/1.5__35858e88-211d-4a44-aa48-5ea04074b466_temp/1.5__35858e88-211d-4a44-aa48-5ea04074b466/auto/1.5__35858e88-211d-4a44-aa48-5ea04074b466_layout.pdf
2025-08-25 14:13:21,175 - INFO - 已删除冗余文件: mineru_output/results/1.5__35858e88-211d-4a44-aa48-5ea04074b466_temp/1.5__35858e88-211d-4a44-aa48-5ea04074b466/auto/1.5__35858e88-211d-4a44-aa48-5ea04074b466_spans.pdf
2025-08-25 14:13:21,176 - INFO - 已删除冗余文件: mineru_output/results/1.5__35858e88-211d-4a44-aa48-5ea04074b466_temp/1.5__35858e88-211d-4a44-aa48-5ea04074b466/auto/1.5__35858e88-211d-4a44-aa48-5ea04074b466_middle.json
2025-08-25 14:13:21,177 - INFO - 已删除冗余文件: mineru_output/results/1.5__35858e88-211d-4a44-aa48-5ea04074b466_temp/1.5__35858e88-211d-4a44-aa48-5ea04074b466/auto/1.5__35858e88-211d-4a44-aa48-5ea04074b466_model.json
2025-08-25 14:13:21,178 - INFO - 已删除冗余文件: mineru_output/results/1.5__35858e88-211d-4a44-aa48-5ea04074b466_temp/1.5__35858e88-211d-4a44-aa48-5ea04074b466/auto/1.5__35858e88-211d-4a44-aa48-5ea04074b466_content_list.json
2025-08-25 14:13:21,180 - INFO - 视频 1.5__35858e88-211d-4a44-aa48-5ea04074b466 处理完成
2025-08-25 14:13:21,182 - INFO - 所有视频处理完成，共处理 1 个视频
2025-08-25 17:03:18,479 - INFO - 初始化MinerU关键帧处理器
2025-08-25 17:03:18,480 - INFO - 关键帧目录: keyframes
2025-08-25 17:03:18,480 - INFO - 输出目录: mineru_output
2025-08-25 17:03:18,481 - INFO - 发现视频文件夹: 4.2.1---I_a9ee63e6-47e4-4aa2-b982-36d672defb6f, 包含 81 个关键帧
2025-08-25 17:03:18,481 - INFO - 开始处理视频: 4.2.1---I_a9ee63e6-47e4-4aa2-b982-36d672defb6f
2025-08-25 17:03:18,482 - INFO - 开始创建PDF: mineru_output/pdfs/4.2.1---I_a9ee63e6-47e4-4aa2-b982-36d672defb6f.pdf
2025-08-25 17:03:18,482 - INFO - 处理 81 个关键帧图片
2025-08-25 17:03:35,890 - INFO - PDF创建成功: mineru_output/pdfs/4.2.1---I_a9ee63e6-47e4-4aa2-b982-36d672defb6f.pdf
2025-08-25 17:03:35,890 - INFO - 开始使用MinerU处理PDF: mineru_output/pdfs/4.2.1---I_a9ee63e6-47e4-4aa2-b982-36d672defb6f.pdf
2025-08-25 17:03:35,891 - INFO - 执行命令: magic-pdf -p mineru_output/pdfs/4.2.1---I_a9ee63e6-47e4-4aa2-b982-36d672defb6f.pdf -o mineru_output/results/4.2.1---I_a9ee63e6-47e4-4aa2-b982-36d672defb6f_temp -m auto
2025-08-25 17:05:25,463 - INFO - MinerU处理成功: 4.2.1---I_a9ee63e6-47e4-4aa2-b982-36d672defb6f
2025-08-25 17:05:25,472 - INFO - 内容提取完成: 639行文档, 49张图片
2025-08-25 17:05:25,472 - INFO - 结构化JSON已保存: mineru_output/results/4.2.1---I_a9ee63e6-47e4-4aa2-b982-36d672defb6f/4.2.1---I_a9ee63e6-47e4-4aa2-b982-36d672defb6f_structured.json
2025-08-25 17:05:25,482 - INFO - 已删除冗余文件: mineru_output/results/4.2.1---I_a9ee63e6-47e4-4aa2-b982-36d672defb6f_temp/4.2.1---I_a9ee63e6-47e4-4aa2-b982-36d672defb6f/auto/4.2.1---I_a9ee63e6-47e4-4aa2-b982-36d672defb6f_origin.pdf
2025-08-25 17:05:25,493 - INFO - 已删除冗余文件: mineru_output/results/4.2.1---I_a9ee63e6-47e4-4aa2-b982-36d672defb6f_temp/4.2.1---I_a9ee63e6-47e4-4aa2-b982-36d672defb6f/auto/4.2.1---I_a9ee63e6-47e4-4aa2-b982-36d672defb6f_layout.pdf
2025-08-25 17:05:25,502 - INFO - 已删除冗余文件: mineru_output/results/4.2.1---I_a9ee63e6-47e4-4aa2-b982-36d672defb6f_temp/4.2.1---I_a9ee63e6-47e4-4aa2-b982-36d672defb6f/auto/4.2.1---I_a9ee63e6-47e4-4aa2-b982-36d672defb6f_spans.pdf
2025-08-25 17:05:25,504 - INFO - 已删除冗余文件: mineru_output/results/4.2.1---I_a9ee63e6-47e4-4aa2-b982-36d672defb6f_temp/4.2.1---I_a9ee63e6-47e4-4aa2-b982-36d672defb6f/auto/4.2.1---I_a9ee63e6-47e4-4aa2-b982-36d672defb6f_middle.json
2025-08-25 17:05:25,505 - INFO - 已删除冗余文件: mineru_output/results/4.2.1---I_a9ee63e6-47e4-4aa2-b982-36d672defb6f_temp/4.2.1---I_a9ee63e6-47e4-4aa2-b982-36d672defb6f/auto/4.2.1---I_a9ee63e6-47e4-4aa2-b982-36d672defb6f_model.json
2025-08-25 17:05:25,505 - INFO - 已删除冗余文件: mineru_output/results/4.2.1---I_a9ee63e6-47e4-4aa2-b982-36d672defb6f_temp/4.2.1---I_a9ee63e6-47e4-4aa2-b982-36d672defb6f/auto/4.2.1---I_a9ee63e6-47e4-4aa2-b982-36d672defb6f_content_list.json
2025-08-25 17:05:25,507 - INFO - 视频 4.2.1---I_a9ee63e6-47e4-4aa2-b982-36d672defb6f 处理完成
2025-08-25 17:05:25,508 - INFO - 所有视频处理完成，共处理 1 个视频
